Model: default
Model version: 1.0
---

X_train shape: (11267, 34)
X_test shape: (840, 34)
Model training started...
Actual Default[TEST]:
245 (29.2%)
Predicted Default[TEST]:
84 (10.0%)

y_pred_proba distribution:
(0.0596, 0.129]    155
(0.129, 0.197]     224
(0.197, 0.265]     128
(0.265, 0.334]      99
(0.334, 0.402]      78
(0.402, 0.471]      49
(0.471, 0.539]      39
(0.539, 0.607]      31
(0.607, 0.676]      31
(0.676, 0.744]       6
Name: count, dtype: int64

Best validation loss: 0.2568258017384487


              precision    recall  f1-score   support

           0       0.75      0.95      0.84       595
           1       0.65      0.22      0.33       245

    accuracy                           0.74       840
   macro avg       0.70      0.59      0.59       840
weighted avg       0.72      0.74      0.69       840

Confusion matrix:
[[566  29]
 [190  55]]


